<?xml version="1.0" encoding="UTF-8"?>
<testng-results skipped="0" failed="0" ignored="0" total="6" passed="6">
  <reporter-output>
  </reporter-output>
  <suite name="Suite" duration-ms="86529" started-at="2020-07-16T13:13:02Z" finished-at="2020-07-16T13:14:28Z">
    <groups>
    </groups>
    <test name="Test" duration-ms="86529" started-at="2020-07-16T13:13:02Z" finished-at="2020-07-16T13:14:28Z">
      <class name="com.moha.TestRegister">
        <test-method status="PASS" signature="createWebDriver(java.lang.String)[pri:0, instance:com.moha.TestRegister@56ef9176]" name="createWebDriver" is-config="true" duration-ms="4145" started-at="2020-07-16T13:13:22Z" finished-at="2020-07-16T13:13:26Z">
          <params>
            <param index="0">
              <value>
                <![CDATA[E:\\workspaces\\chromedriver.exe]]>
              </value>
            </param>
          </params>
          <reporter-output>
          </reporter-output>
        </test-method> <!-- createWebDriver -->
        <test-method status="PASS" signature="testRegister(java.lang.String)[pri:0, instance:com.moha.TestRegister@56ef9176]" name="testRegister" duration-ms="27772" started-at="2020-07-16T13:13:26Z" finished-at="2020-07-16T13:13:54Z">
          <params>
            <param index="0">
              <value>
                <![CDATA[jgfdslaieufJsk@gmail.com]]>
              </value>
            </param>
          </params>
          <reporter-output>
          </reporter-output>
        </test-method> <!-- testRegister -->
        <test-method status="PASS" signature="closeWebDrier()[pri:0, instance:com.moha.TestRegister@56ef9176]" name="closeWebDrier" is-config="true" duration-ms="766" started-at="2020-07-16T13:13:54Z" finished-at="2020-07-16T13:13:54Z">
          <reporter-output>
          </reporter-output>
        </test-method> <!-- closeWebDrier -->
      </class> <!-- com.moha.TestRegister -->
      <class name="com.moha.TestSearch">
        <test-method status="PASS" signature="createWebDriver(java.lang.String)[pri:0, instance:com.moha.TestSearch@cb644e]" name="createWebDriver" is-config="true" duration-ms="5604" started-at="2020-07-16T13:13:02Z" finished-at="2020-07-16T13:13:07Z">
          <params>
            <param index="0">
              <value>
                <![CDATA[E:\\workspaces\\chromedriver.exe]]>
              </value>
            </param>
          </params>
          <reporter-output>
          </reporter-output>
        </test-method> <!-- createWebDriver -->
        <test-method status="PASS" signature="testSearch(java.lang.String)[pri:0, instance:com.moha.TestSearch@cb644e]" name="testSearch" duration-ms="12389" started-at="2020-07-16T13:13:07Z" finished-at="2020-07-16T13:13:20Z">
          <params>
            <param index="0">
              <value>
                <![CDATA[Printed Summer Dress]]>
              </value>
            </param>
          </params>
          <reporter-output>
          </reporter-output>
        </test-method> <!-- testSearch -->
        <test-method status="PASS" signature="closeWebDrier()[pri:0, instance:com.moha.TestSearch@cb644e]" name="closeWebDrier" is-config="true" duration-ms="2053" started-at="2020-07-16T13:13:20Z" finished-at="2020-07-16T13:13:22Z">
          <reporter-output>
          </reporter-output>
        </test-method> <!-- closeWebDrier -->
      </class> <!-- com.moha.TestSearch -->
      <class name="com.moha.TestLogin">
        <test-method status="PASS" signature="createWebDriver(java.lang.String)[pri:0, instance:com.moha.TestLogin@5cb9f472]" name="createWebDriver" is-config="true" duration-ms="3502" started-at="2020-07-16T13:13:54Z" finished-at="2020-07-16T13:13:58Z">
          <params>
            <param index="0">
              <value>
                <![CDATA[E:\\workspaces\\chromedriver.exe]]>
              </value>
            </param>
          </params>
          <reporter-output>
          </reporter-output>
        </test-method> <!-- createWebDriver -->
        <test-method status="PASS" signature="testInvalidLogin(java.lang.String, java.lang.String)[pri:1, instance:com.moha.TestLogin@5cb9f472]" name="testInvalidLogin" duration-ms="13663" started-at="2020-07-16T13:13:58Z" finished-at="2020-07-16T13:14:11Z">
          <params>
            <param index="0">
              <value>
                <![CDATA[hasnain2808@gmail.com]]>
              </value>
            </param>
            <param index="1">
              <value>
                <![CDATA[moha352]]>
              </value>
            </param>
          </params>
          <reporter-output>
          </reporter-output>
        </test-method> <!-- testInvalidLogin -->
        <test-method status="PASS" signature="testValidLogin(java.lang.String, java.lang.String)[pri:2, instance:com.moha.TestLogin@5cb9f472]" name="testValidLogin" duration-ms="9763" started-at="2020-07-16T13:14:11Z" finished-at="2020-07-16T13:14:21Z">
          <params>
            <param index="0">
              <value>
                <![CDATA[hasnain2808@gmail.com]]>
              </value>
            </param>
            <param index="1">
              <value>
                <![CDATA[moha123]]>
              </value>
            </param>
          </params>
          <reporter-output>
          </reporter-output>
        </test-method> <!-- testValidLogin -->
        <test-method status="PASS" signature="testLogOut()[pri:3, instance:com.moha.TestLogin@5cb9f472]" name="testLogOut" duration-ms="6143" started-at="2020-07-16T13:14:21Z" finished-at="2020-07-16T13:14:27Z">
          <reporter-output>
          </reporter-output>
        </test-method> <!-- testLogOut -->
        <test-method status="PASS" signature="closeWebDrier()[pri:0, instance:com.moha.TestLogin@5cb9f472]" name="closeWebDrier" is-config="true" duration-ms="680" started-at="2020-07-16T13:14:27Z" finished-at="2020-07-16T13:14:28Z">
          <reporter-output>
          </reporter-output>
        </test-method> <!-- closeWebDrier -->
      </class> <!-- com.moha.TestLogin -->
      <class name="com.moha.TestCart">
        <test-method status="PASS" signature="createWebDriver(java.lang.String)[pri:0, instance:com.moha.TestCart@13805618]" name="createWebDriver" is-config="true" duration-ms="5603" started-at="2020-07-16T13:13:02Z" finished-at="2020-07-16T13:13:07Z">
          <params>
            <param index="0">
              <value>
                <![CDATA[E:\\workspaces\\chromedriver.exe]]>
              </value>
            </param>
          </params>
          <reporter-output>
          </reporter-output>
        </test-method> <!-- createWebDriver -->
        <test-method status="PASS" signature="testCart()[pri:0, instance:com.moha.TestCart@13805618]" name="testCart" duration-ms="40588" started-at="2020-07-16T13:13:07Z" finished-at="2020-07-16T13:13:48Z">
          <reporter-output>
          </reporter-output>
        </test-method> <!-- testCart -->
        <test-method status="PASS" signature="closeWebDrier()[pri:0, instance:com.moha.TestCart@13805618]" name="closeWebDrier" is-config="true" duration-ms="767" started-at="2020-07-16T13:13:48Z" finished-at="2020-07-16T13:13:49Z">
          <reporter-output>
          </reporter-output>
        </test-method> <!-- closeWebDrier -->
      </class> <!-- com.moha.TestCart -->
    </test> <!-- Test -->
  </suite> <!-- Suite -->
</testng-results>
