<?xml version="1.0" encoding="UTF-8"?>
<!-- Generated by org.testng.reporters.JUnitXMLReporter -->
<testsuite hostname="DESKTOP-BRVGJVS" ignored="0" name="Test" tests="6" failures="0" timestamp="16 Jul 2020 13:14:28 GMT" time="86.529" errors="0">
  <testcase name="testSearch" time="12.389" classname="com.moha.TestSearch"/>
  <testcase name="testCart" time="40.588" classname="com.moha.TestCart"/>
  <testcase name="testRegister" time="27.772" classname="com.moha.TestRegister"/>
  <testcase name="testInvalidLogin" time="13.663" classname="com.moha.TestLogin"/>
  <testcase name="testValidLogin" time="9.763" classname="com.moha.TestLogin"/>
  <testcase name="testLogOut" time="6.143" classname="com.moha.TestLogin"/>
</testsuite> <!-- Test -->
