<?xml version="1.0" encoding="UTF-8"?>
<!-- Generated by org.testng.reporters.JUnitXMLReporter -->
<testsuite hostname="DESKTOP-BRVGJVS" ignored="0" name="Test" tests="6" failures="1" timestamp="16 Jul 2020 12:05:02 GMT" time="68.44" errors="0">
  <testcase name="testSearch" time="13.818" classname="com.moha.TestSearch"/>
  <testcase name="testCart" time="23.16" classname="com.moha.TestCart"/>
  <testcase name="testRegister" time="14.573" classname="com.moha.TestRegister">
    <failure type="java.lang.AssertionError" message="Please use a different email Address, Account with this email id exists expected [true] but found [false]">
      <![CDATA[java.lang.AssertionError: Please use a different email Address, Account with this email id exists expected [true] but found [false]
at com.moha.TestRegister.testRegister(TestRegister.java:50)
at java.util.concurrent.ThreadPoolExecutor.runWorker(Unknown Source)
at java.util.concurrent.ThreadPoolExecutor$Worker.run(Unknown Source)
at java.lang.Thread.run(Unknown Source)
... Removed 13 stack frames]]>
    </failure>
  </testcase> <!-- testRegister -->
  <testcase name="testInvalidLogin" time="13.57" classname="com.moha.TestLogin"/>
  <testcase name="testValidLogin" time="8.53" classname="com.moha.TestLogin"/>
  <testcase name="testLogOut" time="1.964" classname="com.moha.TestLogin"/>
</testsuite> <!-- Test -->
